SF:/Volumes/Users HD/Users/muiriswoulfe/Repos/NuGet-Transitive-Dependency-Finder/src/NuGetTransitiveDependencyFinder/TransitiveDependencyFinder.cs
FN:51,NuGetTransitiveDependencyFinder.Output.Projects NuGetTransitiveDependencyFinder.TransitiveDependencyFinder::Run(System.String,System.Boolean)
FNDA:0,NuGetTransitiveDependencyFinder.Output.Projects NuGetTransitiveDependencyFinder.TransitiveDependencyFinder::Run(System.String,System.Boolean)
DA:52,0
DA:53,0
DA:54,0
DA:55,0
DA:56,0
DA:57,0
DA:58,0
DA:59,0
DA:60,0
DA:63,0
DA:64,0
DA:65,0
DA:66,0
DA:67,0
DA:68,0
DA:69,0
DA:70,0
DA:71,0
DA:72,0
DA:74,0
DA:75,0
DA:77,0
DA:78,0
DA:80,0
DA:81,0
BRDA:55,299,1,0
BRDA:58,60,0,0
BRDA:58,60,1,0
BRDA:64,263,1,0
BRDA:64,263,0,0
BRDA:55,299,0,0
FN:89,System.Collections.Generic.IReadOnlyCollection`1<NuGet.ProjectModel.PackageSpec> NuGetTransitiveDependencyFinder.TransitiveDependencyFinder::CreateProjects(System.String)
FNDA:0,System.Collections.Generic.IReadOnlyCollection`1<NuGet.ProjectModel.PackageSpec> NuGetTransitiveDependencyFinder.TransitiveDependencyFinder::CreateProjects(System.String)
DA:90,0
DA:91,0
DA:92,0
DA:93,0
FN:102,NuGet.ProjectModel.DependencyGraphSpec NuGetTransitiveDependencyFinder.TransitiveDependencyFinder::CreateProjectDependencyGraph(System.String)
FNDA:0,NuGet.ProjectModel.DependencyGraphSpec NuGetTransitiveDependencyFinder.TransitiveDependencyFinder::CreateProjectDependencyGraph(System.String)
DA:103,0
DA:104,0
DA:105,0
DA:106,0
FN:113,System.Collections.Generic.IReadOnlyCollection`1<NuGet.ProjectModel.LockFileTarget> NuGetTransitiveDependencyFinder.TransitiveDependencyFinder::CreateAssetsFiles(NuGet.ProjectModel.PackageSpec)
FNDA:0,System.Collections.Generic.IReadOnlyCollection`1<NuGet.ProjectModel.LockFileTarget> NuGetTransitiveDependencyFinder.TransitiveDependencyFinder::CreateAssetsFiles(NuGet.ProjectModel.PackageSpec)
DA:114,0
DA:115,0
DA:116,0
DA:117,0
BRDA:116,37,0,0
BRDA:116,37,1,0
BRDA:116,49,0,0
BRDA:116,49,1,0
FN:127,System.Void NuGetTransitiveDependencyFinder.TransitiveDependencyFinder::PopulateDependencies(NuGet.ProjectModel.TargetFrameworkInformation,System.Collections.Generic.IReadOnlyDictionary`2<System.String,NuGet.ProjectModel.LockFileTargetLibrary>)
FNDA:0,System.Void NuGetTransitiveDependencyFinder.TransitiveDependencyFinder::PopulateDependencies(NuGet.ProjectModel.TargetFrameworkInformation,System.Collections.Generic.IReadOnlyDictionary`2<System.String,NuGet.ProjectModel.LockFileTargetLibrary>)
DA:128,0
DA:129,0
DA:130,0
DA:131,0
DA:132,0
DA:133,0
DA:134,0
DA:135,0
DA:136,0
BRDA:129,28,0,0
BRDA:129,28,1,0
BRDA:129,131,1,0
BRDA:129,131,0,0
BRDA:131,19,0,0
BRDA:131,19,1,0
FN:149,System.Void NuGetTransitiveDependencyFinder.TransitiveDependencyFinder::RecordDependency(System.Boolean,NuGet.ProjectModel.LockFileTargetLibrary,System.Collections.Generic.IReadOnlyDictionary`2<System.String,NuGet.ProjectModel.LockFileTargetLibrary>)
FNDA:0,System.Void NuGetTransitiveDependencyFinder.TransitiveDependencyFinder::RecordDependency(System.Boolean,NuGet.ProjectModel.LockFileTargetLibrary,System.Collections.Generic.IReadOnlyDictionary`2<System.String,NuGet.ProjectModel.LockFileTargetLibrary>)
DA:150,0
DA:151,0
DA:152,0
DA:153,0
DA:156,0
DA:157,0
DA:158,0
DA:159,0
DA:161,0
DA:162,0
DA:163,0
DA:164,0
DA:165,0
BRDA:151,20,0,0
BRDA:151,20,1,0
BRDA:156,31,0,0
BRDA:156,31,1,0
BRDA:161,121,1,0
BRDA:161,121,0,0
FN:174,NuGetTransitiveDependencyFinder.Output.Framework NuGetTransitiveDependencyFinder.TransitiveDependencyFinder::FindTransitiveDependencies(NuGet.ProjectModel.TargetFrameworkInformation,System.Boolean)
FNDA:0,NuGetTransitiveDependencyFinder.Output.Framework NuGetTransitiveDependencyFinder.TransitiveDependencyFinder::FindTransitiveDependencies(NuGet.ProjectModel.TargetFrameworkInformation,System.Boolean)
DA:175,0
DA:176,0
DA:177,0
DA:178,0
DA:179,0
DA:180,0
DA:181,0
DA:182,0
DA:183,0
DA:184,0
DA:186,0
DA:187,0
DA:188,0
DA:190,0
DA:191,0
BRDA:176,92,1,0
BRDA:176,92,0,0
BRDA:186,108,0,0
BRDA:186,108,1,0
FN:32,System.Void NuGetTransitiveDependencyFinder.TransitiveDependencyFinder::.ctor(Microsoft.Extensions.Logging.ILoggerFactory)
FNDA:0,System.Void NuGetTransitiveDependencyFinder.TransitiveDependencyFinder::.ctor(Microsoft.Extensions.Logging.ILoggerFactory)
DA:33,0
DA:34,0
DA:40,0
DA:41,0
LF:78
LH:0
BRF:30
BRH:0
FNF:8
FNH:0
end_of_record
SF:/Volumes/Users HD/Users/muiriswoulfe/Repos/NuGet-Transitive-Dependency-Finder/src/NuGetTransitiveDependencyFinder/ProjectAnalysis/Assets.cs
FN:58,NuGet.ProjectModel.LockFile NuGetTransitiveDependencyFinder.ProjectAnalysis.Assets::Create()
FNDA:0,NuGet.ProjectModel.LockFile NuGetTransitiveDependencyFinder.ProjectAnalysis.Assets::Create()
DA:59,0
DA:60,0
DA:61,0
DA:63,0
DA:64,0
DA:65,0
FN:45,System.Void NuGetTransitiveDependencyFinder.ProjectAnalysis.Assets::.ctor(Microsoft.Extensions.Logging.ILoggerFactory,System.String,System.String)
FNDA:0,System.Void NuGetTransitiveDependencyFinder.ProjectAnalysis.Assets::.ctor(Microsoft.Extensions.Logging.ILoggerFactory,System.String,System.String)
DA:46,0
DA:47,0
DA:48,0
DA:49,0
DA:50,0
DA:51,0
DA:52,0
LF:13
LH:0
BRF:0
BRH:0
FNF:2
FNH:0
end_of_record
SF:/Volumes/Users HD/Users/muiriswoulfe/Repos/NuGet-Transitive-Dependency-Finder/src/NuGetTransitiveDependencyFinder/ProjectAnalysis/DependencyGraph.cs
FN:65,System.Void NuGetTransitiveDependencyFinder.ProjectAnalysis.DependencyGraph::Finalize()
FNDA:0,System.Void NuGetTransitiveDependencyFinder.ProjectAnalysis.DependencyGraph::Finalize()
DA:66,0
FN:72,NuGet.ProjectModel.DependencyGraphSpec NuGetTransitiveDependencyFinder.ProjectAnalysis.DependencyGraph::Create()
FNDA:0,NuGet.ProjectModel.DependencyGraphSpec NuGetTransitiveDependencyFinder.ProjectAnalysis.DependencyGraph::Create()
DA:73,0
DA:74,0
DA:75,0
DA:77,0
DA:78,0
FN:81,System.Void NuGetTransitiveDependencyFinder.ProjectAnalysis.DependencyGraph::Dispose()
FNDA:0,System.Void NuGetTransitiveDependencyFinder.ProjectAnalysis.DependencyGraph::Dispose()
DA:82,0
DA:83,0
DA:84,0
DA:85,0
FN:92,System.Void NuGetTransitiveDependencyFinder.ProjectAnalysis.DependencyGraph::Dispose(System.Boolean)
FNDA:0,System.Void NuGetTransitiveDependencyFinder.ProjectAnalysis.DependencyGraph::Dispose(System.Boolean)
DA:93,0
DA:94,0
DA:95,0
DA:96,0
DA:99,0
DA:100,0
DA:101,0
DA:102,0
DA:104,0
DA:105,0
BRDA:94,9,0,0
BRDA:94,9,1,0
BRDA:99,17,0,0
BRDA:99,17,1,0
FN:50,System.Void NuGetTransitiveDependencyFinder.ProjectAnalysis.DependencyGraph::.ctor(Microsoft.Extensions.Logging.ILoggerFactory,System.String)
FNDA:0,System.Void NuGetTransitiveDependencyFinder.ProjectAnalysis.DependencyGraph::.ctor(Microsoft.Extensions.Logging.ILoggerFactory,System.String)
DA:51,0
DA:52,0
DA:53,0
DA:54,0
DA:55,0
DA:57,0
DA:58,0
DA:59,0
DA:60,0
LF:29
LH:0
BRF:4
BRH:0
FNF:5
FNH:0
end_of_record
SF:/Volumes/Users HD/Users/muiriswoulfe/Repos/NuGet-Transitive-Dependency-Finder/src/NuGetTransitiveDependencyFinder/ProjectAnalysis/DotNetRunner.cs
FN:48,System.Void NuGetTransitiveDependencyFinder.ProjectAnalysis.DotNetRunner::Run()
FNDA:0,System.Void NuGetTransitiveDependencyFinder.ProjectAnalysis.DotNetRunner::Run()
DA:49,0
DA:50,0
DA:52,0
DA:53,0
DA:54,0
DA:58,0
DA:60,0
DA:61,0
DA:63,0
DA:64,0
FN:71,System.Void NuGetTransitiveDependencyFinder.ProjectAnalysis.DotNetRunner::LogError(System.Object,System.Diagnostics.DataReceivedEventArgs)
FNDA:0,System.Void NuGetTransitiveDependencyFinder.ProjectAnalysis.DotNetRunner::LogError(System.Object,System.Diagnostics.DataReceivedEventArgs)
DA:72,0
BRDA:72,13,0,0
BRDA:72,13,1,0
FN:79,System.Void NuGetTransitiveDependencyFinder.ProjectAnalysis.DotNetRunner::LogOutput(System.Object,System.Diagnostics.DataReceivedEventArgs)
FNDA:0,System.Void NuGetTransitiveDependencyFinder.ProjectAnalysis.DotNetRunner::LogOutput(System.Object,System.Diagnostics.DataReceivedEventArgs)
DA:80,0
BRDA:80,13,0,0
BRDA:80,13,1,0
FN:33,System.Void NuGetTransitiveDependencyFinder.ProjectAnalysis.DotNetRunner::.ctor(Microsoft.Extensions.Logging.ILoggerFactory,System.String,System.String)
FNDA:0,System.Void NuGetTransitiveDependencyFinder.ProjectAnalysis.DotNetRunner::.ctor(Microsoft.Extensions.Logging.ILoggerFactory,System.String,System.String)
DA:34,0
DA:35,0
DA:36,0
DA:37,0
DA:38,0
DA:39,0
DA:40,0
DA:41,0
DA:42,0
DA:43,0
LF:22
LH:0
BRF:4
BRH:0
FNF:4
FNH:0
end_of_record
SF:/Volumes/Users HD/Users/muiriswoulfe/Repos/NuGet-Transitive-Dependency-Finder/src/NuGetTransitiveDependencyFinder/Output/Base.cs
FN:52,System.Boolean NuGetTransitiveDependencyFinder.Output.Base`1::get_HasChildren()
FNDA:66,System.Boolean NuGetTransitiveDependencyFinder.Output.Base`1::get_HasChildren()
DA:53,66
FN:62,System.Collections.Generic.IReadOnlyCollection`1<TChild> NuGetTransitiveDependencyFinder.Output.Base`1::get_SortedChildren()
FNDA:12,System.Collections.Generic.IReadOnlyCollection`1<TChild> NuGetTransitiveDependencyFinder.Output.Base`1::get_SortedChildren()
DA:63,12
DA:64,12
DA:65,8
DA:66,8
DA:67,8
DA:68,8
DA:70,12
DA:71,12
BRDA:64,12,0,8
BRDA:64,12,1,12
FN:79,System.Void NuGetTransitiveDependencyFinder.Output.Base`1::Add(TChild)
FNDA:61,System.Void NuGetTransitiveDependencyFinder.Output.Base`1::Add(TChild)
DA:80,61
DA:81,61
DA:82,39
DA:83,39
DA:84,39
DA:85,39
DA:86,61
BRDA:81,10,0,39
BRDA:81,10,1,61
FN:32,System.Void NuGetTransitiveDependencyFinder.Output.Base`1::.ctor(System.Int32)
FNDA:45,System.Void NuGetTransitiveDependencyFinder.Output.Base`1::.ctor(System.Int32)
DA:33,45
DA:34,45
DA:35,45
DA:36,45
DA:37,45
FN:42,System.Void NuGetTransitiveDependencyFinder.Output.Base`1::.ctor(System.Collections.Generic.IReadOnlyCollection`1<TChild>)
FNDA:55,System.Void NuGetTransitiveDependencyFinder.Output.Base`1::.ctor(System.Collections.Generic.IReadOnlyCollection`1<TChild>)
DA:43,55
DA:44,55
DA:45,55
DA:46,55
DA:47,55
LF:26
LH:26
BRF:4
BRH:4
FNF:5
FNH:5
end_of_record
SF:/Volumes/Users HD/Users/muiriswoulfe/Repos/NuGet-Transitive-Dependency-Finder/src/NuGetTransitiveDependencyFinder/Output/Comparer.cs
FN:26,System.Boolean NuGetTransitiveDependencyFinder.Output.Comparer::IsEqual(TValue,TValue,System.Func`3<TValue,TValue,System.Int32>)
FNDA:0,System.Boolean NuGetTransitiveDependencyFinder.Output.Comparer::IsEqual(TValue,TValue,System.Func`3<TValue,TValue,System.Int32>)
DA:27,0
DA:28,0
DA:29,0
DA:30,0
DA:31,0
DA:32,0
DA:33,0
BRDA:27,1,0,0
BRDA:27,1,1,200
BRDA:27,10,1,32
BRDA:27,10,0,168
BRDA:32,41,0,0
BRDA:32,41,1,200
FN:45,System.Boolean NuGetTransitiveDependencyFinder.Output.Comparer::IsNotEqual(TValue,TValue,System.Func`3<TValue,TValue,System.Int32>)
FNDA:50,System.Boolean NuGetTransitiveDependencyFinder.Output.Comparer::IsNotEqual(TValue,TValue,System.Func`3<TValue,TValue,System.Int32>)
DA:46,50
FN:58,System.Boolean NuGetTransitiveDependencyFinder.Output.Comparer::IsLess(TValue,TValue,System.Func`3<TValue,TValue,System.Int32>)
FNDA:0,System.Boolean NuGetTransitiveDependencyFinder.Output.Comparer::IsLess(TValue,TValue,System.Func`3<TValue,TValue,System.Int32>)
DA:59,0
DA:60,0
DA:61,0
DA:62,0
DA:63,0
DA:64,0
DA:65,0
BRDA:59,1,0,0
BRDA:59,1,1,76
BRDA:59,10,1,12
BRDA:59,10,0,64
BRDA:64,41,0,0
BRDA:64,41,1,76
FN:77,System.Boolean NuGetTransitiveDependencyFinder.Output.Comparer::IsLessOrEqual(TValue,TValue,System.Func`3<TValue,TValue,System.Int32>)
FNDA:50,System.Boolean NuGetTransitiveDependencyFinder.Output.Comparer::IsLessOrEqual(TValue,TValue,System.Func`3<TValue,TValue,System.Int32>)
DA:78,50
BRDA:78,8,0,26
BRDA:78,8,1,24
FN:90,System.Boolean NuGetTransitiveDependencyFinder.Output.Comparer::IsGreater(TValue,TValue,System.Func`3<TValue,TValue,System.Int32>)
FNDA:0,System.Boolean NuGetTransitiveDependencyFinder.Output.Comparer::IsGreater(TValue,TValue,System.Func`3<TValue,TValue,System.Int32>)
DA:91,0
DA:92,0
DA:93,0
DA:94,0
DA:95,0
DA:96,0
DA:97,0
BRDA:91,1,0,0
BRDA:91,1,1,76
BRDA:91,10,1,12
BRDA:91,10,0,64
BRDA:96,33,0,0
BRDA:96,33,1,76
FN:109,System.Boolean NuGetTransitiveDependencyFinder.Output.Comparer::IsGreaterOrEqual(TValue,TValue,System.Func`3<TValue,TValue,System.Int32>)
FNDA:50,System.Boolean NuGetTransitiveDependencyFinder.Output.Comparer::IsGreaterOrEqual(TValue,TValue,System.Func`3<TValue,TValue,System.Int32>)
DA:110,50
BRDA:110,8,0,26
BRDA:110,8,1,24
FN:124,System.Int32 NuGetTransitiveDependencyFinder.Output.Comparer::CompareTo(TValue,TValue,System.Func`3<TValue,TValue,System.Int32>)
FNDA:0,System.Int32 NuGetTransitiveDependencyFinder.Output.Comparer::CompareTo(TValue,TValue,System.Func`3<TValue,TValue,System.Int32>)
DA:125,0
DA:126,0
DA:127,0
DA:128,0
DA:129,0
DA:130,0
DA:131,0
DA:132,0
DA:133,0
BRDA:125,12,0,32
BRDA:125,12,1,499
BRDA:125,19,0,0
BRDA:125,19,1,499
BRDA:127,28,1,40
BRDA:127,28,0,459
BRDA:132,48,0,0
BRDA:132,48,1,499
FN:155,System.Int32 NuGetTransitiveDependencyFinder.Output.Comparer::CompareTo(TValue,System.Object,System.Func`3<TValue,TValue,System.Int32>,System.String)
FNDA:0,System.Int32 NuGetTransitiveDependencyFinder.Output.Comparer::CompareTo(TValue,System.Object,System.Func`3<TValue,TValue,System.Int32>,System.String)
DA:156,0
DA:157,0
DA:158,0
DA:159,0
DA:160,0
DA:161,0
DA:162,0
DA:163,0
DA:164,0
DA:165,0
DA:166,0
BRDA:156,1,0,0
BRDA:156,1,1,114
BRDA:156,5,0,110
BRDA:156,5,1,4
BRDA:156,13,0,4
BRDA:156,13,1,106
BRDA:163,64,0,70
BRDA:163,64,1,36
BRDA:163,91,0,0
BRDA:163,91,1,110
FN:178,System.Boolean NuGetTransitiveDependencyFinder.Output.Comparer::Equals(TValue,TValue,System.Func`3<TValue,TValue,System.Int32>)
FNDA:42,System.Boolean NuGetTransitiveDependencyFinder.Output.Comparer::Equals(TValue,TValue,System.Func`3<TValue,TValue,System.Int32>)
DA:179,42
FN:192,System.Boolean NuGetTransitiveDependencyFinder.Output.Comparer::Equals(TValue,System.Object,System.Func`3<TValue,TValue,System.Int32>)
FNDA:76,System.Boolean NuGetTransitiveDependencyFinder.Output.Comparer::Equals(TValue,System.Object,System.Func`3<TValue,TValue,System.Int32>)
DA:193,76
BRDA:193,6,0,68
BRDA:193,6,1,8
FN:201,System.Int32 NuGetTransitiveDependencyFinder.Output.Comparer::MapCompareTo(System.Int32)
FNDA:0,System.Int32 NuGetTransitiveDependencyFinder.Output.Comparer::MapCompareTo(System.Int32)
DA:202,0
DA:203,0
DA:204,0
DA:205,0
DA:206,0
DA:207,0
DA:208,0
DA:209,0
DA:210,0
BRDA:202,1,0,0
BRDA:202,1,1,526
BRDA:202,6,0,414
BRDA:202,6,1,112
BRDA:202,10,1,160
BRDA:202,10,0,254
BRDA:209,27,0,0
BRDA:209,27,1,526
LF:55
LH:5
BRF:50
BRH:38
FNF:11
FNH:5
end_of_record
SF:/Volumes/Users HD/Users/muiriswoulfe/Repos/NuGet-Transitive-Dependency-Finder/src/NuGetTransitiveDependencyFinder/Output/Dependency.cs
FN:45,System.String NuGetTransitiveDependencyFinder.Output.Dependency::get_Identifier()
FNDA:626,System.String NuGetTransitiveDependencyFinder.Output.Dependency::get_Identifier()
DA:46,626
FN:50,NuGet.Versioning.NuGetVersion NuGetTransitiveDependencyFinder.Output.Dependency::get_Version()
FNDA:495,NuGet.Versioning.NuGetVersion NuGetTransitiveDependencyFinder.Output.Dependency::get_Version()
DA:51,495
FN:55,System.Boolean NuGetTransitiveDependencyFinder.Output.Dependency::get_IsTransitive()
FNDA:4,System.Boolean NuGetTransitiveDependencyFinder.Output.Dependency::get_IsTransitive()
DA:56,4
FN:65,System.Boolean NuGetTransitiveDependencyFinder.Output.Dependency::op_Equality(NuGetTransitiveDependencyFinder.Output.Dependency,NuGetTransitiveDependencyFinder.Output.Dependency)
FNDA:15,System.Boolean NuGetTransitiveDependencyFinder.Output.Dependency::op_Equality(NuGetTransitiveDependencyFinder.Output.Dependency,NuGetTransitiveDependencyFinder.Output.Dependency)
DA:66,15
FN:75,System.Boolean NuGetTransitiveDependencyFinder.Output.Dependency::op_Inequality(NuGetTransitiveDependencyFinder.Output.Dependency,NuGetTransitiveDependencyFinder.Output.Dependency)
FNDA:15,System.Boolean NuGetTransitiveDependencyFinder.Output.Dependency::op_Inequality(NuGetTransitiveDependencyFinder.Output.Dependency,NuGetTransitiveDependencyFinder.Output.Dependency)
DA:76,15
FN:85,System.Boolean NuGetTransitiveDependencyFinder.Output.Dependency::op_LessThan(NuGetTransitiveDependencyFinder.Output.Dependency,NuGetTransitiveDependencyFinder.Output.Dependency)
FNDA:15,System.Boolean NuGetTransitiveDependencyFinder.Output.Dependency::op_LessThan(NuGetTransitiveDependencyFinder.Output.Dependency,NuGetTransitiveDependencyFinder.Output.Dependency)
DA:86,15
FN:95,System.Boolean NuGetTransitiveDependencyFinder.Output.Dependency::op_LessThanOrEqual(NuGetTransitiveDependencyFinder.Output.Dependency,NuGetTransitiveDependencyFinder.Output.Dependency)
FNDA:15,System.Boolean NuGetTransitiveDependencyFinder.Output.Dependency::op_LessThanOrEqual(NuGetTransitiveDependencyFinder.Output.Dependency,NuGetTransitiveDependencyFinder.Output.Dependency)
DA:96,15
FN:105,System.Boolean NuGetTransitiveDependencyFinder.Output.Dependency::op_GreaterThan(NuGetTransitiveDependencyFinder.Output.Dependency,NuGetTransitiveDependencyFinder.Output.Dependency)
FNDA:15,System.Boolean NuGetTransitiveDependencyFinder.Output.Dependency::op_GreaterThan(NuGetTransitiveDependencyFinder.Output.Dependency,NuGetTransitiveDependencyFinder.Output.Dependency)
DA:106,15
FN:115,System.Boolean NuGetTransitiveDependencyFinder.Output.Dependency::op_GreaterThanOrEqual(NuGetTransitiveDependencyFinder.Output.Dependency,NuGetTransitiveDependencyFinder.Output.Dependency)
FNDA:15,System.Boolean NuGetTransitiveDependencyFinder.Output.Dependency::op_GreaterThanOrEqual(NuGetTransitiveDependencyFinder.Output.Dependency,NuGetTransitiveDependencyFinder.Output.Dependency)
DA:116,15
FN:126,System.Int32 NuGetTransitiveDependencyFinder.Output.Dependency::CompareTo(NuGetTransitiveDependencyFinder.Output.Dependency)
FNDA:58,System.Int32 NuGetTransitiveDependencyFinder.Output.Dependency::CompareTo(NuGetTransitiveDependencyFinder.Output.Dependency)
DA:127,58
FN:132,System.Int32 NuGetTransitiveDependencyFinder.Output.Dependency::CompareTo(System.Object)
FNDA:14,System.Int32 NuGetTransitiveDependencyFinder.Output.Dependency::CompareTo(System.Object)
DA:133,14
FN:136,System.Boolean NuGetTransitiveDependencyFinder.Output.Dependency::Equals(NuGetTransitiveDependencyFinder.Output.Dependency)
FNDA:13,System.Boolean NuGetTransitiveDependencyFinder.Output.Dependency::Equals(NuGetTransitiveDependencyFinder.Output.Dependency)
DA:137,13
FN:140,System.Boolean NuGetTransitiveDependencyFinder.Output.Dependency::Equals(System.Object)
FNDA:32,System.Boolean NuGetTransitiveDependencyFinder.Output.Dependency::Equals(System.Object)
DA:141,32
FN:144,System.Int32 NuGetTransitiveDependencyFinder.Output.Dependency::GetHashCode()
FNDA:16,System.Int32 NuGetTransitiveDependencyFinder.Output.Dependency::GetHashCode()
DA:145,16
DA:149,16
DA:152,16
DA:153,16
DA:154,16
DA:155,16
DA:156,16
DA:158,16
DA:159,16
FN:162,System.String NuGetTransitiveDependencyFinder.Output.Dependency::ToString()
FNDA:274,System.String NuGetTransitiveDependencyFinder.Output.Dependency::ToString()
DA:163,274
FN:36,System.Void NuGetTransitiveDependencyFinder.Output.Dependency::.ctor(System.String,NuGet.Versioning.NuGetVersion)
FNDA:40,System.Void NuGetTransitiveDependencyFinder.Output.Dependency::.ctor(System.String,NuGet.Versioning.NuGetVersion)
DA:37,40
DA:38,40
DA:39,40
DA:40,40
DA:41,40
FN:19,System.Void NuGetTransitiveDependencyFinder.Output.Dependency::.cctor()
FNDA:1,System.Void NuGetTransitiveDependencyFinder.Output.Dependency::.cctor()
DA:20,1
DA:21,1
DA:22,168
DA:23,168
DA:24,168
DA:25,1
DA:26,168
DA:27,168
DA:28,168
DA:29,168
DA:30,168
BRDA:26,30,0,101
BRDA:26,30,1,66
LF:39
LH:39
BRF:2
BRH:2
FNF:17
FNH:17
end_of_record
SF:/Volumes/Users HD/Users/muiriswoulfe/Repos/NuGet-Transitive-Dependency-Finder/src/NuGetTransitiveDependencyFinder/Output/Framework.cs
FN:42,System.Boolean NuGetTransitiveDependencyFinder.Output.Framework::op_Equality(NuGetTransitiveDependencyFinder.Output.Framework,NuGetTransitiveDependencyFinder.Output.Framework)
FNDA:16,System.Boolean NuGetTransitiveDependencyFinder.Output.Framework::op_Equality(NuGetTransitiveDependencyFinder.Output.Framework,NuGetTransitiveDependencyFinder.Output.Framework)
DA:43,16
FN:54,System.Boolean NuGetTransitiveDependencyFinder.Output.Framework::op_Inequality(NuGetTransitiveDependencyFinder.Output.Framework,NuGetTransitiveDependencyFinder.Output.Framework)
FNDA:16,System.Boolean NuGetTransitiveDependencyFinder.Output.Framework::op_Inequality(NuGetTransitiveDependencyFinder.Output.Framework,NuGetTransitiveDependencyFinder.Output.Framework)
DA:55,16
FN:66,System.Boolean NuGetTransitiveDependencyFinder.Output.Framework::op_LessThan(NuGetTransitiveDependencyFinder.Output.Framework,NuGetTransitiveDependencyFinder.Output.Framework)
FNDA:16,System.Boolean NuGetTransitiveDependencyFinder.Output.Framework::op_LessThan(NuGetTransitiveDependencyFinder.Output.Framework,NuGetTransitiveDependencyFinder.Output.Framework)
DA:67,16
FN:78,System.Boolean NuGetTransitiveDependencyFinder.Output.Framework::op_LessThanOrEqual(NuGetTransitiveDependencyFinder.Output.Framework,NuGetTransitiveDependencyFinder.Output.Framework)
FNDA:16,System.Boolean NuGetTransitiveDependencyFinder.Output.Framework::op_LessThanOrEqual(NuGetTransitiveDependencyFinder.Output.Framework,NuGetTransitiveDependencyFinder.Output.Framework)
DA:79,16
FN:90,System.Boolean NuGetTransitiveDependencyFinder.Output.Framework::op_GreaterThan(NuGetTransitiveDependencyFinder.Output.Framework,NuGetTransitiveDependencyFinder.Output.Framework)
FNDA:16,System.Boolean NuGetTransitiveDependencyFinder.Output.Framework::op_GreaterThan(NuGetTransitiveDependencyFinder.Output.Framework,NuGetTransitiveDependencyFinder.Output.Framework)
DA:91,16
FN:102,System.Boolean NuGetTransitiveDependencyFinder.Output.Framework::op_GreaterThanOrEqual(NuGetTransitiveDependencyFinder.Output.Framework,NuGetTransitiveDependencyFinder.Output.Framework)
FNDA:16,System.Boolean NuGetTransitiveDependencyFinder.Output.Framework::op_GreaterThanOrEqual(NuGetTransitiveDependencyFinder.Output.Framework,NuGetTransitiveDependencyFinder.Output.Framework)
DA:103,16
FN:108,System.Int32 NuGetTransitiveDependencyFinder.Output.Framework::CompareTo(NuGetTransitiveDependencyFinder.Output.Framework)
FNDA:32,System.Int32 NuGetTransitiveDependencyFinder.Output.Framework::CompareTo(NuGetTransitiveDependencyFinder.Output.Framework)
DA:109,32
FN:114,System.Int32 NuGetTransitiveDependencyFinder.Output.Framework::CompareTo(System.Object)
FNDA:15,System.Int32 NuGetTransitiveDependencyFinder.Output.Framework::CompareTo(System.Object)
DA:115,15
FN:120,System.Boolean NuGetTransitiveDependencyFinder.Output.Framework::Equals(NuGetTransitiveDependencyFinder.Output.Framework)
FNDA:14,System.Boolean NuGetTransitiveDependencyFinder.Output.Framework::Equals(NuGetTransitiveDependencyFinder.Output.Framework)
DA:121,14
FN:126,System.Boolean NuGetTransitiveDependencyFinder.Output.Framework::Equals(System.Object)
FNDA:21,System.Boolean NuGetTransitiveDependencyFinder.Output.Framework::Equals(System.Object)
DA:127,21
FN:132,System.Int32 NuGetTransitiveDependencyFinder.Output.Framework::GetHashCode()
FNDA:18,System.Int32 NuGetTransitiveDependencyFinder.Output.Framework::GetHashCode()
DA:133,18
FN:138,System.String NuGetTransitiveDependencyFinder.Output.Framework::ToString()
FNDA:302,System.String NuGetTransitiveDependencyFinder.Output.Framework::ToString()
DA:139,302
FN:142,System.Boolean NuGetTransitiveDependencyFinder.Output.Framework::IsAddValid(NuGetTransitiveDependencyFinder.Output.Dependency)
FNDA:11,System.Boolean NuGetTransitiveDependencyFinder.Output.Framework::IsAddValid(NuGetTransitiveDependencyFinder.Output.Dependency)
DA:143,11
FN:28,System.Void NuGetTransitiveDependencyFinder.Output.Framework::.ctor(NuGet.Frameworks.NuGetFramework,System.Collections.Generic.IReadOnlyCollection`1<NuGetTransitiveDependencyFinder.Output.Dependency>)
FNDA:55,System.Void NuGetTransitiveDependencyFinder.Output.Framework::.ctor(NuGet.Frameworks.NuGetFramework,System.Collections.Generic.IReadOnlyCollection`1<NuGetTransitiveDependencyFinder.Output.Dependency>)
DA:29,55
DA:30,55
DA:31,55
LF:16
LH:16
BRF:0
BRH:0
FNF:14
FNH:14
end_of_record
SF:/Volumes/Users HD/Users/muiriswoulfe/Repos/NuGet-Transitive-Dependency-Finder/src/NuGetTransitiveDependencyFinder/Output/IdentifiedBase.cs
FN:54,TIdentifier NuGetTransitiveDependencyFinder.Output.IdentifiedBase`2::get_Identifier()
FNDA:1382,TIdentifier NuGetTransitiveDependencyFinder.Output.IdentifiedBase`2::get_Identifier()
DA:55,1382
FN:62,System.Func`3<NuGetTransitiveDependencyFinder.Output.IdentifiedBase`2<TIdentifier,TChild>,NuGetTransitiveDependencyFinder.Output.IdentifiedBase`2<TIdentifier,TChild>,System.Int32> NuGetTransitiveDependencyFinder.Output.IdentifiedBase`2::get_ComparisonFunction()
FNDA:316,System.Func`3<NuGetTransitiveDependencyFinder.Output.IdentifiedBase`2<TIdentifier,TChild>,NuGetTransitiveDependencyFinder.Output.IdentifiedBase`2<TIdentifier,TChild>,System.Int32> NuGetTransitiveDependencyFinder.Output.IdentifiedBase`2::get_ComparisonFunction()
DA:63,316
FN:69,System.Int32 NuGetTransitiveDependencyFinder.Output.IdentifiedBase`2::get_BaseHashCode()
FNDA:32,System.Int32 NuGetTransitiveDependencyFinder.Output.IdentifiedBase`2::get_BaseHashCode()
DA:70,32
FN:74,System.String NuGetTransitiveDependencyFinder.Output.IdentifiedBase`2::ToString()
FNDA:212,System.String NuGetTransitiveDependencyFinder.Output.IdentifiedBase`2::ToString()
DA:75,212
FN:39,System.Void NuGetTransitiveDependencyFinder.Output.IdentifiedBase`2::.ctor(TIdentifier,System.Int32)
FNDA:38,System.Void NuGetTransitiveDependencyFinder.Output.IdentifiedBase`2::.ctor(TIdentifier,System.Int32)
DA:40,38
DA:41,38
FN:48,System.Void NuGetTransitiveDependencyFinder.Output.IdentifiedBase`2::.ctor(TIdentifier,System.Collections.Generic.IReadOnlyCollection`1<TChild>)
FNDA:55,System.Void NuGetTransitiveDependencyFinder.Output.IdentifiedBase`2::.ctor(TIdentifier,System.Collections.Generic.IReadOnlyCollection`1<TChild>)
DA:49,55
DA:50,55
FN:24,System.Void NuGetTransitiveDependencyFinder.Output.IdentifiedBase`2::.cctor()
FNDA:2,System.Void NuGetTransitiveDependencyFinder.Output.IdentifiedBase`2::.cctor()
DA:25,2
DA:26,2
DA:27,2
DA:28,260
DA:29,260
DA:30,260
DA:31,260
LF:15
LH:15
BRF:0
BRH:0
FNF:7
FNH:7
end_of_record
SF:/Volumes/Users HD/Users/muiriswoulfe/Repos/NuGet-Transitive-Dependency-Finder/src/NuGetTransitiveDependencyFinder/Output/Project.cs
FN:40,System.Boolean NuGetTransitiveDependencyFinder.Output.Project::op_Equality(NuGetTransitiveDependencyFinder.Output.Project,NuGetTransitiveDependencyFinder.Output.Project)
FNDA:12,System.Boolean NuGetTransitiveDependencyFinder.Output.Project::op_Equality(NuGetTransitiveDependencyFinder.Output.Project,NuGetTransitiveDependencyFinder.Output.Project)
DA:41,12
FN:52,System.Boolean NuGetTransitiveDependencyFinder.Output.Project::op_Inequality(NuGetTransitiveDependencyFinder.Output.Project,NuGetTransitiveDependencyFinder.Output.Project)
FNDA:12,System.Boolean NuGetTransitiveDependencyFinder.Output.Project::op_Inequality(NuGetTransitiveDependencyFinder.Output.Project,NuGetTransitiveDependencyFinder.Output.Project)
DA:53,12
FN:64,System.Boolean NuGetTransitiveDependencyFinder.Output.Project::op_LessThan(NuGetTransitiveDependencyFinder.Output.Project,NuGetTransitiveDependencyFinder.Output.Project)
FNDA:12,System.Boolean NuGetTransitiveDependencyFinder.Output.Project::op_LessThan(NuGetTransitiveDependencyFinder.Output.Project,NuGetTransitiveDependencyFinder.Output.Project)
DA:65,12
FN:76,System.Boolean NuGetTransitiveDependencyFinder.Output.Project::op_LessThanOrEqual(NuGetTransitiveDependencyFinder.Output.Project,NuGetTransitiveDependencyFinder.Output.Project)
FNDA:12,System.Boolean NuGetTransitiveDependencyFinder.Output.Project::op_LessThanOrEqual(NuGetTransitiveDependencyFinder.Output.Project,NuGetTransitiveDependencyFinder.Output.Project)
DA:77,12
FN:88,System.Boolean NuGetTransitiveDependencyFinder.Output.Project::op_GreaterThan(NuGetTransitiveDependencyFinder.Output.Project,NuGetTransitiveDependencyFinder.Output.Project)
FNDA:12,System.Boolean NuGetTransitiveDependencyFinder.Output.Project::op_GreaterThan(NuGetTransitiveDependencyFinder.Output.Project,NuGetTransitiveDependencyFinder.Output.Project)
DA:89,12
FN:100,System.Boolean NuGetTransitiveDependencyFinder.Output.Project::op_GreaterThanOrEqual(NuGetTransitiveDependencyFinder.Output.Project,NuGetTransitiveDependencyFinder.Output.Project)
FNDA:12,System.Boolean NuGetTransitiveDependencyFinder.Output.Project::op_GreaterThanOrEqual(NuGetTransitiveDependencyFinder.Output.Project,NuGetTransitiveDependencyFinder.Output.Project)
DA:101,12
FN:106,System.Int32 NuGetTransitiveDependencyFinder.Output.Project::CompareTo(NuGetTransitiveDependencyFinder.Output.Project)
FNDA:28,System.Int32 NuGetTransitiveDependencyFinder.Output.Project::CompareTo(NuGetTransitiveDependencyFinder.Output.Project)
DA:107,28
FN:112,System.Int32 NuGetTransitiveDependencyFinder.Output.Project::CompareTo(System.Object)
FNDA:11,System.Int32 NuGetTransitiveDependencyFinder.Output.Project::CompareTo(System.Object)
DA:113,11
FN:118,System.Boolean NuGetTransitiveDependencyFinder.Output.Project::Equals(NuGetTransitiveDependencyFinder.Output.Project)
FNDA:10,System.Boolean NuGetTransitiveDependencyFinder.Output.Project::Equals(NuGetTransitiveDependencyFinder.Output.Project)
DA:119,10
FN:124,System.Boolean NuGetTransitiveDependencyFinder.Output.Project::Equals(System.Object)
FNDA:17,System.Boolean NuGetTransitiveDependencyFinder.Output.Project::Equals(System.Object)
DA:125,17
FN:130,System.Int32 NuGetTransitiveDependencyFinder.Output.Project::GetHashCode()
FNDA:14,System.Int32 NuGetTransitiveDependencyFinder.Output.Project::GetHashCode()
DA:131,14
FN:134,System.Boolean NuGetTransitiveDependencyFinder.Output.Project::IsAddValid(NuGetTransitiveDependencyFinder.Output.Framework)
FNDA:31,System.Boolean NuGetTransitiveDependencyFinder.Output.Project::IsAddValid(NuGetTransitiveDependencyFinder.Output.Framework)
DA:135,31
FN:26,System.Void NuGetTransitiveDependencyFinder.Output.Project::.ctor(System.String,System.Int32)
FNDA:38,System.Void NuGetTransitiveDependencyFinder.Output.Project::.ctor(System.String,System.Int32)
DA:27,38
DA:28,38
DA:29,38
LF:15
LH:15
BRF:0
BRH:0
FNF:13
FNH:13
end_of_record
SF:/Volumes/Users HD/Users/muiriswoulfe/Repos/NuGet-Transitive-Dependency-Finder/src/NuGetTransitiveDependencyFinder/Output/Projects.cs
FN:25,System.Boolean NuGetTransitiveDependencyFinder.Output.Projects::IsAddValid(NuGetTransitiveDependencyFinder.Output.Project)
FNDA:24,System.Boolean NuGetTransitiveDependencyFinder.Output.Projects::IsAddValid(NuGetTransitiveDependencyFinder.Output.Project)
DA:26,24
FN:19,System.Void NuGetTransitiveDependencyFinder.Output.Projects::.ctor(System.Int32)
FNDA:7,System.Void NuGetTransitiveDependencyFinder.Output.Projects::.ctor(System.Int32)
DA:20,7
DA:21,7
DA:22,7
LF:4
LH:4
BRF:0
BRH:0
FNF:2
FNH:2
end_of_record
SF:/Volumes/Users HD/Users/muiriswoulfe/Repos/NuGet-Transitive-Dependency-Finder/src/NuGetTransitiveDependencyFinder/Extensions/VersionExtensions.cs
FN:23,System.String NuGetTransitiveDependencyFinder.Extensions.VersionExtensions::ToShortenedString(System.Version)
FNDA:308,System.String NuGetTransitiveDependencyFinder.Extensions.VersionExtensions::ToShortenedString(System.Version)
DA:24,308
DA:27,308
DA:28,308
DA:30,308
DA:31,9
DA:32,9
DA:33,9
DA:35,308
DA:36,6
DA:37,6
DA:38,6
DA:40,308
DA:41,308
BRDA:30,54,0,302
BRDA:30,54,1,6
BRDA:30,70,0,9
BRDA:30,70,1,308
BRDA:35,113,0,6
BRDA:35,113,1,308
LF:13
LH:13
BRF:6
BRH:6
FNF:1
FNH:1
end_of_record